TagLib: ID3v2.4 no longer supports the frame type TDAT.  It will be discarded from the tag.
TagLib: ID3v2.4 no longer supports the frame type TDAT.  It will be discarded from the tag.
TagLib: ID3v2.4 no longer supports the frame type TDAT.  It will be discarded from the tag.
TagLib: ID3v2.4 no longer supports the frame type TDAT.  It will be discarded from the tag.
TagLib: ID3v2.4 no longer supports the frame type TDAT.  It will be discarded from the tag.
TagLib: ID3v2.4 no longer supports the frame type TDAT.  It will be discarded from the tag.
TagLib: ID3v2.4 no longer supports the frame type TDAT.  It will be discarded from the tag.
TagLib: ID3v2.4 no longer supports the frame type TDAT.  It will be discarded from the tag.
TagLib: ID3v2.4 no longer supports the frame type TDAT.  It will be discarded from the tag.
TagLib: ID3v2.4 no longer supports the frame type TDAT.  It will be discarded from the tag.
TagLib: ID3v2.4 no longer supports the frame type TDAT.  It will be discarded from the tag.
TagLib: ID3v2.4 no longer supports the frame type TDAT.  It will be discarded from the tag.
TagLib: ID3v2.4 no longer supports the frame type TDAT.  It will be discarded from the tag.
TagLib: Could not open file /home/tieto/Music/spotify:track:2Dx7g6GwHAyXuGTZsdGCN6
TagLib: Could not open file /home/tieto/Music/spotify:track:2Dx7g6GwHAyXuGTZsdGCN6
TagLib: Could not open file /home/tieto/Music/spotify:track:2Dx7g6GwHAyXuGTZsdGCN6
TagLib: Could not open file /home/tieto/Music/spotify:track:1zXrMovH2j9Up7WCTyttZ3
TagLib: Could not open file /home/tieto/Music/spotify:track:1cqUyP6N4UUaptLP9KeMKZ
TagLib: Could not open file /home/tieto/Music/spotify:track:1cqUyP6N4UUaptLP9KeMKZ
TagLib: Could not open file /home/tieto/Music/spotify:track:1r20gcDzos0cyDgPSDU2bB
writeCommonTags: couldn't write 'year' tag to 'Luke Smith/Normie+Invasion+Stream-GZi0gmDcuAc.mp4' as it's not a positive integer
writeCommonTags: couldn't write 'track' tag to 'Luke Smith/Normie+Invasion+Stream-GZi0gmDcuAc.mp4' as it's not a positive integer
TagLib: ID3v2.4 no longer supports the frame type TDAT.  It will be discarded from the tag.
